<?xml version="1.0" encoding="UTF-8"?>
<testng-results skipped="0" failed="0" total="1" passed="1">
  <reporter-output>
  </reporter-output>
  <suite name="Default suite" duration-ms="62" started-at="2017-07-13T18:30:06Z" finished-at="2017-07-13T18:30:06Z">
    <groups>
    </groups>
    <test name="Default test" duration-ms="62" started-at="2017-07-13T18:30:06Z" finished-at="2017-07-13T18:30:06Z">
      <class name="tests.Test1">
        <test-method status="PASS" signature="t()[pri:0, instance:tests.Test1@8870aad]" name="t" duration-ms="29" started-at="2017-07-14T00:00:06Z" finished-at="2017-07-14T00:00:06Z">
          <reporter-output>
          </reporter-output>
        </test-method> <!-- t -->
      </class> <!-- tests.Test1 -->
    </test> <!-- Default test -->
  </suite> <!-- Default suite -->
</testng-results>
