<?xml version="1.0" encoding="UTF-8"?>
<testng-results skipped="0" failed="0" total="1" passed="1">
  <reporter-output>
  </reporter-output>
  <suite name="Default suite" duration-ms="67" started-at="2017-07-12T05:46:48Z" finished-at="2017-07-12T05:46:48Z">
    <groups>
    </groups>
    <test name="Default test" duration-ms="67" started-at="2017-07-12T05:46:48Z" finished-at="2017-07-12T05:46:48Z">
      <class name="sandBox.Test1">
        <test-method status="PASS" signature="t()[pri:0, instance:sandBox.Test1@106305aa]" name="t" duration-ms="31" started-at="2017-07-12T11:16:48Z" finished-at="2017-07-12T11:16:48Z">
          <reporter-output>
          </reporter-output>
        </test-method> <!-- t -->
      </class> <!-- sandBox.Test1 -->
    </test> <!-- Default test -->
  </suite> <!-- Default suite -->
</testng-results>
